Compiling the C compiler identification source file "CMakeCCompilerId.c" failed.
Compiler: /usr/bin/cc 
Build flags: 
Id flags: 

The output was:
1
/usr/bin/ld: cannot find Scrt1.o: No such file or directory
/usr/bin/ld: cannot find crti.o: No such file or directory
collect2: error: ld returned 1 exit status


Compiling the CXX compiler identification source file "CMakeCXXCompilerId.cpp" failed.
Compiler: CMAKE_CXX_COMPILER-NOTFOUND 
Build flags: -std=c++11
Id flags: 

The output was:
No such file or directory


Compiling the CXX compiler identification source file "CMakeCXXCompilerId.cpp" failed.
Compiler: CMAKE_CXX_COMPILER-NOTFOUND 
Build flags: -std=c++11
Id flags: -c

The output was:
No such file or directory


Determining if the C compiler works failed with the following output:
Change Dir: /root/c/build/CMakeFiles/CMakeTmp

Run Build Command:"/usr/bin/make" "cmTC_99385/fast"
/usr/bin/make -f CMakeFiles/cmTC_99385.dir/build.make CMakeFiles/cmTC_99385.dir/build
make[1]: Entering directory '/root/c/build/CMakeFiles/CMakeTmp'
Building C object CMakeFiles/cmTC_99385.dir/testCCompiler.c.o
/usr/bin/cc     -o CMakeFiles/cmTC_99385.dir/testCCompiler.c.o   -c /root/c/build/CMakeFiles/CMakeTmp/testCCompiler.c
Linking C executable cmTC_99385
/usr/bin/cmake -E cmake_link_script CMakeFiles/cmTC_99385.dir/link.txt --verbose=1
/usr/bin/cc       CMakeFiles/cmTC_99385.dir/testCCompiler.c.o  -o cmTC_99385 -rdynamic 
/usr/bin/ld: cannot find Scrt1.o: No such file or directory
/usr/bin/ld: cannot find crti.o: No such file or directory
collect2: error: ld returned 1 exit status
make[1]: *** [CMakeFiles/cmTC_99385.dir/build.make:98: cmTC_99385] Error 1
make[1]: Leaving directory '/root/c/build/CMakeFiles/CMakeTmp'
make: *** [Makefile:126: cmTC_99385/fast] Error 2


Compiling the C compiler identification source file "CMakeCCompilerId.c" failed.
Compiler: /usr/bin/cc 
Build flags: 
Id flags: 

The output was:
1
/usr/bin/ld: cannot find Scrt1.o: No such file or directory
/usr/bin/ld: cannot find crti.o: No such file or directory
collect2: error: ld returned 1 exit status


Compiling the CXX compiler identification source file "CMakeCXXCompilerId.cpp" failed.
Compiler: CMAKE_CXX_COMPILER-NOTFOUND 
Build flags: -std=c++11
Id flags: 

The output was:
No such file or directory


Compiling the CXX compiler identification source file "CMakeCXXCompilerId.cpp" failed.
Compiler: CMAKE_CXX_COMPILER-NOTFOUND 
Build flags: -std=c++11
Id flags: -c

The output was:
No such file or directory


Determining if the C compiler works failed with the following output:
Change Dir: /root/c/build/CMakeFiles/CMakeTmp

Run Build Command:"/usr/bin/make" "cmTC_c0886/fast"
/usr/bin/make -f CMakeFiles/cmTC_c0886.dir/build.make CMakeFiles/cmTC_c0886.dir/build
make[1]: Entering directory '/root/c/build/CMakeFiles/CMakeTmp'
Building C object CMakeFiles/cmTC_c0886.dir/testCCompiler.c.o
/usr/bin/cc     -o CMakeFiles/cmTC_c0886.dir/testCCompiler.c.o   -c /root/c/build/CMakeFiles/CMakeTmp/testCCompiler.c
Linking C executable cmTC_c0886
/usr/bin/cmake -E cmake_link_script CMakeFiles/cmTC_c0886.dir/link.txt --verbose=1
/usr/bin/cc       CMakeFiles/cmTC_c0886.dir/testCCompiler.c.o  -o cmTC_c0886 -rdynamic 
/usr/bin/ld: cannot find Scrt1.o: No such file or directory
/usr/bin/ld: cannot find crti.o: No such file or directory
collect2: error: ld returned 1 exit status
make[1]: *** [CMakeFiles/cmTC_c0886.dir/build.make:98: cmTC_c0886] Error 1
make[1]: Leaving directory '/root/c/build/CMakeFiles/CMakeTmp'
make: *** [Makefile:126: cmTC_c0886/fast] Error 2


Compiling the C compiler identification source file "CMakeCCompilerId.c" failed.
Compiler: /usr/bin/cc 
Build flags: 
Id flags: 

The output was:
1
/usr/bin/ld: cannot find Scrt1.o: No such file or directory
/usr/bin/ld: cannot find crti.o: No such file or directory
collect2: error: ld returned 1 exit status


Compiling the CXX compiler identification source file "CMakeCXXCompilerId.cpp" failed.
Compiler: CMAKE_CXX_COMPILER-NOTFOUND 
Build flags: -std=c++11
Id flags: 

The output was:
No such file or directory


Compiling the CXX compiler identification source file "CMakeCXXCompilerId.cpp" failed.
Compiler: CMAKE_CXX_COMPILER-NOTFOUND 
Build flags: -std=c++11
Id flags: -c

The output was:
No such file or directory


Determining if the C compiler works failed with the following output:
Change Dir: /root/c/build/CMakeFiles/CMakeTmp

Run Build Command:"/usr/bin/make" "cmTC_60f1e/fast"
/usr/bin/make -f CMakeFiles/cmTC_60f1e.dir/build.make CMakeFiles/cmTC_60f1e.dir/build
make[1]: Entering directory '/root/c/build/CMakeFiles/CMakeTmp'
Building C object CMakeFiles/cmTC_60f1e.dir/testCCompiler.c.o
/usr/bin/cc     -o CMakeFiles/cmTC_60f1e.dir/testCCompiler.c.o   -c /root/c/build/CMakeFiles/CMakeTmp/testCCompiler.c
Linking C executable cmTC_60f1e
/usr/bin/cmake -E cmake_link_script CMakeFiles/cmTC_60f1e.dir/link.txt --verbose=1
/usr/bin/cc       CMakeFiles/cmTC_60f1e.dir/testCCompiler.c.o  -o cmTC_60f1e -rdynamic 
/usr/bin/ld: cannot find Scrt1.o: No such file or directory
/usr/bin/ld: cannot find crti.o: No such file or directory
collect2: error: ld returned 1 exit status
make[1]: *** [CMakeFiles/cmTC_60f1e.dir/build.make:98: cmTC_60f1e] Error 1
make[1]: Leaving directory '/root/c/build/CMakeFiles/CMakeTmp'
make: *** [Makefile:126: cmTC_60f1e/fast] Error 2


